C:\USERS\EWGENIJ\DOCUMENTS\VISUAL STUDIO 11\PROJECTS\COCUDASERVER\COCUDASERVER\RELEASE\COCUDASERVER.PCH
C:\USERS\EWGENIJ\DOCUMENTS\VISUAL STUDIO 11\PROJECTS\COCUDASERVER\COCUDASERVER\RELEASE\STDAFX.OBJ
C:\USERS\EWGENIJ\DOCUMENTS\VISUAL STUDIO 11\PROJECTS\COCUDASERVER\COCUDASERVER\RELEASE\VC110.PDB
C:\USERS\EWGENIJ\DOCUMENTS\VISUAL STUDIO 11\PROJECTS\COCUDASERVER\COCUDASERVER\RELEASE\COCUDASERVER.OBJ
C:\USERS\EWGENIJ\DOCUMENTS\VISUAL STUDIO 11\PROJECTS\COCUDASERVER\COCUDASERVER\RELEASE\COCUDA.OBJ
C:\USERS\EWGENIJ\DOCUMENTS\VISUAL STUDIO 11\PROJECTS\COCUDASERVER\COCUDASERVER\RELEASE\COCUDASERVER_I.OBJ
C:\USERS\EWGENIJ\DOCUMENTS\VISUAL STUDIO 11\PROJECTS\COCUDASERVER\COCUDASERVER\RELEASE\DLLMAIN.OBJ
C:\Users\ewgenij\documents\visual studio 11\Projects\CoCUDAServer\Release\CoCUDAServer.lib
C:\Users\ewgenij\documents\visual studio 11\Projects\CoCUDAServer\Release\CoCUDAServer.exp
C:\USERS\EWGENIJ\DOCUMENTS\VISUAL STUDIO 11\PROJECTS\COCUDASERVER\RELEASE\COCUDASERVER.DLL
C:\USERS\EWGENIJ\DOCUMENTS\VISUAL STUDIO 11\PROJECTS\COCUDASERVER\RELEASE\COCUDASERVER.PDB
C:\USERS\EWGENIJ\DOCUMENTS\VISUAL STUDIO 11\PROJECTS\COCUDASERVER\COCUDASERVER\RELEASE\COCUDASERVER.TLB
C:\USERS\EWGENIJ\DOCUMENTS\VISUAL STUDIO 11\PROJECTS\COCUDASERVER\COCUDASERVER\COCUDASERVER_P.C
C:\USERS\EWGENIJ\DOCUMENTS\VISUAL STUDIO 11\PROJECTS\COCUDASERVER\COCUDASERVER\COCUDASERVER_I.C
C:\USERS\EWGENIJ\DOCUMENTS\VISUAL STUDIO 11\PROJECTS\COCUDASERVER\COCUDASERVER\COCUDASERVER_I.H
C:\USERS\EWGENIJ\DOCUMENTS\VISUAL STUDIO 11\PROJECTS\COCUDASERVER\COCUDASERVER\RELEASE\COCUDASERVER.RES
C:\Users\ewgenij\documents\visual studio 11\Projects\CoCUDAServer\CoCUDAServer\Release\CoCUDA.obj
C:\Users\ewgenij\documents\visual studio 11\Projects\CoCUDAServer\CoCUDAServer\Release\CoCUDAServer.obj
C:\Users\ewgenij\documents\visual studio 11\Projects\CoCUDAServer\CoCUDAServer\Release\CoCUDAServer_i.obj
C:\Users\ewgenij\documents\visual studio 11\Projects\CoCUDAServer\CoCUDAServer\Release\dllmain.obj
C:\Users\ewgenij\documents\visual studio 11\Projects\CoCUDAServer\CoCUDAServer\Release\stdafx.obj
C:\Users\ewgenij\documents\visual studio 11\Projects\CoCUDAServer\CoCUDAServer\Release\CoCUDAServer.tlb
C:\Users\ewgenij\documents\visual studio 11\Projects\CoCUDAServer\CoCUDAServer\Release\cl.command.1.tlog
C:\Users\ewgenij\documents\visual studio 11\Projects\CoCUDAServer\CoCUDAServer\Release\CL.read.1.tlog
C:\Users\ewgenij\documents\visual studio 11\Projects\CoCUDAServer\CoCUDAServer\Release\CL.write.1.tlog
C:\Users\ewgenij\documents\visual studio 11\Projects\CoCUDAServer\CoCUDAServer\Release\CoCUDAServer.write.1.tlog
C:\Users\ewgenij\documents\visual studio 11\Projects\CoCUDAServer\CoCUDAServer\Release\link-cvtres.read.1.tlog
C:\Users\ewgenij\documents\visual studio 11\Projects\CoCUDAServer\CoCUDAServer\Release\link-cvtres.write.1.tlog
C:\Users\ewgenij\documents\visual studio 11\Projects\CoCUDAServer\CoCUDAServer\Release\link-rc.read.1.tlog
C:\Users\ewgenij\documents\visual studio 11\Projects\CoCUDAServer\CoCUDAServer\Release\link-rc.write.1.tlog
C:\Users\ewgenij\documents\visual studio 11\Projects\CoCUDAServer\CoCUDAServer\Release\link.command.1.tlog
C:\Users\ewgenij\documents\visual studio 11\Projects\CoCUDAServer\CoCUDAServer\Release\link.read.1.tlog
C:\Users\ewgenij\documents\visual studio 11\Projects\CoCUDAServer\CoCUDAServer\Release\link.write.1.tlog
C:\Users\ewgenij\documents\visual studio 11\Projects\CoCUDAServer\CoCUDAServer\Release\midl-midlc-cl.read.1.tlog
C:\Users\ewgenij\documents\visual studio 11\Projects\CoCUDAServer\CoCUDAServer\Release\midl-midlc-cl.write.1.tlog
C:\Users\ewgenij\documents\visual studio 11\Projects\CoCUDAServer\CoCUDAServer\Release\midl-midlc.read.1.tlog
C:\Users\ewgenij\documents\visual studio 11\Projects\CoCUDAServer\CoCUDAServer\Release\midl-midlc.write.1.tlog
C:\Users\ewgenij\documents\visual studio 11\Projects\CoCUDAServer\CoCUDAServer\Release\midl.command.1.tlog
C:\Users\ewgenij\documents\visual studio 11\Projects\CoCUDAServer\CoCUDAServer\Release\midl.read.1.tlog
C:\Users\ewgenij\documents\visual studio 11\Projects\CoCUDAServer\CoCUDAServer\Release\midl.write.1.tlog
C:\Users\ewgenij\documents\visual studio 11\Projects\CoCUDAServer\CoCUDAServer\Release\rc.command.1.tlog
C:\Users\ewgenij\documents\visual studio 11\Projects\CoCUDAServer\CoCUDAServer\Release\rc.read.1.tlog
C:\Users\ewgenij\documents\visual studio 11\Projects\CoCUDAServer\CoCUDAServer\Release\rc.write.1.tlog
C:\Users\ewgenij\documents\visual studio 11\Projects\CoCUDAServer\CoCUDAServer\Release\CoCUDAServer.res
C:\Users\ewgenij\documents\visual studio 11\Projects\CoCUDAServer\CoCUDAServer\Release\CoCUDAServer.pch
C:\Users\ewgenij\documents\visual studio 11\Projects\CoCUDAServer\CoCUDAServer\Release\vc110.pdb
C:\Users\ewgenij\documents\visual studio 11\Projects\CoCUDAServer\Release\CoCUDAServer.pdb
C:\Users\ewgenij\documents\visual studio 11\Projects\CoCUDAServer\Release\CoCUDAServer.dll
