Build started 28.11.2013 22:17:39.
     1>Project "C:\Users\ewgenij\documents\visual studio 11\Projects\CoCUDAServer\CoCUDAServer\CoCUDAServer.vcxproj" on node 2 (Build target(s)).
     1>ClCompile:
         C:\Program Files (x86)\Microsoft Visual Studio 11.0\VC\bin\CL.exe /c /Zi /nologo /W3 /WX- /sdl /O2 /Oy- /D WIN32 /D _WINDOWS /D NDEBUG /D _USRDLL /D _WINDLL /D _UNICODE /D UNICODE /D _ATL_DLL /Gm- /EHsc /MD /GS /fp:precise /Zc:wchar_t /Zc:forScope /Yu"stdafx.h" /Fp"Release\CoCUDAServer.pch" /Fo"Release\\" /Fd"Release\vc110.pdb" /Gd /TP /analyze- /errorReport:prompt CoCUDA.cpp
         CoCUDA.cpp
       Link:
         C:\Program Files (x86)\Microsoft Visual Studio 11.0\VC\bin\link.exe /ERRORREPORT:PROMPT /OUT:"C:\Users\ewgenij\documents\visual studio 11\Projects\CoCUDAServer\Release\CoCUDAServer.dll" /INCREMENTAL:NO /NOLOGO kernel32.lib user32.lib gdi32.lib winspool.lib comdlg32.lib advapi32.lib shell32.lib ole32.lib oleaut32.lib uuid.lib odbc32.lib odbccp32.lib /DEF:".\CoCUDAServer.def" /MANIFEST /MANIFESTUAC:"level='asInvoker' uiAccess='false'" /manifest:embed /DEBUG /PDB:"C:\Users\ewgenij\documents\visual studio 11\Projects\CoCUDAServer\Release\CoCUDAServer.pdb" /SUBSYSTEM:WINDOWS /OPT:REF /OPT:ICF /TLBID:1 /DYNAMICBASE /NXCOMPAT /MACHINE:X86 /SAFESEH /DLL Release\CoCUDAServer.res
         Release\CoCUDA.obj
         Release\CoCUDAServer.obj
         Release\CoCUDAServer_i.obj
         Release\dllmain.obj
         Release\stdafx.obj
         "..\..\..\..\WORKSHOP\СибГУТИ\2013(CUDA)\Lecture6\cumod\dllmain.lib"
            Creating library C:\Users\ewgenij\documents\visual studio 11\Projects\CoCUDAServer\Release\CoCUDAServer.lib and object C:\Users\ewgenij\documents\visual studio 11\Projects\CoCUDAServer\Release\CoCUDAServer.exp
         CoCUDAServer.vcxproj -> C:\Users\ewgenij\documents\visual studio 11\Projects\CoCUDAServer\Release\CoCUDAServer.dll
       RegisterOutput:
         regsvr32 /s /n /i:user "C:\Users\ewgenij\documents\visual studio 11\Projects\CoCUDAServer\Release\CoCUDAServer.dll"
     1>Done Building Project "C:\Users\ewgenij\documents\visual studio 11\Projects\CoCUDAServer\CoCUDAServer\CoCUDAServer.vcxproj" (Build target(s)).

Build succeeded.

Time Elapsed 00:00:00.63
